<!DOCTYPE html>
<html>
<head>
<meta http-equiv="Content-Type" content="text/html; charset=utf-8"/>
<meta http-equiv="x-ua-compatible" content="IE=edge"/>
<title>Test results - ZhongqiuApplicationTests</title>
<link href="../css/base-style.css" rel="stylesheet" type="text/css"/>
<link href="../css/style.css" rel="stylesheet" type="text/css"/>
<script src="../js/report.js" type="text/javascript"></script>
</head>
<body>
<div id="content">
<h1>ZhongqiuApplicationTests</h1>
<div class="breadcrumbs">
<a href="../index.html">all</a> &gt; 
<a href="../packages/com.example.zhongqiu.html">com.example.zhongqiu</a> &gt; ZhongqiuApplicationTests</div>
<div id="summary">
<table>
<tr>
<td>
<div class="summaryGroup">
<table>
<tr>
<td>
<div class="infoBox" id="tests">
<div class="counter">1</div>
<p>tests</p>
</div>
</td>
<td>
<div class="infoBox" id="failures">
<div class="counter">0</div>
<p>failures</p>
</div>
</td>
<td>
<div class="infoBox" id="ignored">
<div class="counter">0</div>
<p>ignored</p>
</div>
</td>
<td>
<div class="infoBox" id="duration">
<div class="counter">0.322s</div>
<p>duration</p>
</div>
</td>
</tr>
</table>
</div>
</td>
<td>
<div class="infoBox success" id="successRate">
<div class="percent">100%</div>
<p>successful</p>
</div>
</td>
</tr>
</table>
</div>
<div id="tabs">
<ul class="tabLinks">
<li>
<a href="#tab0">Tests</a>
</li>
<li>
<a href="#tab1">Standard output</a>
</li>
<li>
<a href="#tab2">Standard error</a>
</li>
</ul>
<div id="tab0" class="tab">
<h2>Tests</h2>
<table>
<thead>
<tr>
<th>Test</th>
<th>Duration</th>
<th>Result</th>
</tr>
</thead>
<tr>
<td class="success">contextLoads()</td>
<td class="success">0.322s</td>
<td class="success">passed</td>
</tr>
</table>
</div>
<div id="tab1" class="tab">
<h2>Standard output</h2>
<span class="code">
<pre>13:34:22.623 [Test worker] DEBUG org.springframework.test.context.BootstrapUtils - Instantiating CacheAwareContextLoaderDelegate from class [org.springframework.test.context.cache.DefaultCacheAwareContextLoaderDelegate]
13:34:22.653 [Test worker] DEBUG org.springframework.test.context.BootstrapUtils - Instantiating BootstrapContext using constructor [public org.springframework.test.context.support.DefaultBootstrapContext(java.lang.Class,org.springframework.test.context.CacheAwareContextLoaderDelegate)]
13:34:22.779 [Test worker] DEBUG org.springframework.test.context.BootstrapUtils - Instantiating TestContextBootstrapper for test class [com.example.zhongqiu.ZhongqiuApplicationTests] from class [org.springframework.boot.test.context.SpringBootTestContextBootstrapper]
13:34:22.801 [Test worker] INFO org.springframework.boot.test.context.SpringBootTestContextBootstrapper - Neither @ContextConfiguration nor @ContextHierarchy found for test class [com.example.zhongqiu.ZhongqiuApplicationTests], using SpringBootContextLoader
13:34:22.815 [Test worker] DEBUG org.springframework.test.context.support.AbstractContextLoader - Did not detect default resource location for test class [com.example.zhongqiu.ZhongqiuApplicationTests]: class path resource [com/example/zhongqiu/ZhongqiuApplicationTests-context.xml] does not exist
13:34:22.815 [Test worker] DEBUG org.springframework.test.context.support.AbstractContextLoader - Did not detect default resource location for test class [com.example.zhongqiu.ZhongqiuApplicationTests]: class path resource [com/example/zhongqiu/ZhongqiuApplicationTestsContext.groovy] does not exist
13:34:22.815 [Test worker] INFO org.springframework.test.context.support.AbstractContextLoader - Could not detect default resource locations for test class [com.example.zhongqiu.ZhongqiuApplicationTests]: no resource found for suffixes {-context.xml, Context.groovy}.
13:34:22.816 [Test worker] INFO org.springframework.test.context.support.AnnotationConfigContextLoaderUtils - Could not detect default configuration classes for test class [com.example.zhongqiu.ZhongqiuApplicationTests]: ZhongqiuApplicationTests does not declare any static, non-private, non-final, nested classes annotated with @Configuration.
13:34:22.917 [Test worker] DEBUG org.springframework.test.context.support.ActiveProfilesUtils - Could not find an 'annotation declaring class' for annotation type [org.springframework.test.context.ActiveProfiles] and class [com.example.zhongqiu.ZhongqiuApplicationTests]
13:34:23.092 [Test worker] DEBUG org.springframework.context.annotation.ClassPathScanningCandidateComponentProvider - Identified candidate component class: file [/Users/stevendong/Desktop/tutorial-17/9.17/zhongqiu copy/build/classes/java/main/com/example/zhongqiu/ZhongqiuApplication.class]
13:34:23.096 [Test worker] INFO org.springframework.boot.test.context.SpringBootTestContextBootstrapper - Found @SpringBootConfiguration com.example.zhongqiu.ZhongqiuApplication for test class com.example.zhongqiu.ZhongqiuApplicationTests
13:34:23.306 [Test worker] DEBUG org.springframework.boot.test.context.SpringBootTestContextBootstrapper - @TestExecutionListeners is not present for class [com.example.zhongqiu.ZhongqiuApplicationTests]: using defaults.
13:34:23.308 [Test worker] INFO org.springframework.boot.test.context.SpringBootTestContextBootstrapper - Loaded default TestExecutionListener class names from location [META-INF/spring.factories]: [org.springframework.security.test.context.support.WithSecurityContextTestExecutionListener, org.springframework.security.test.context.support.ReactorContextTestExecutionListener, org.springframework.boot.test.autoconfigure.restdocs.RestDocsTestExecutionListener, org.springframework.boot.test.autoconfigure.web.client.MockRestServiceServerResetTestExecutionListener, org.springframework.boot.test.autoconfigure.web.servlet.MockMvcPrintOnlyOnFailureTestExecutionListener, org.springframework.boot.test.autoconfigure.web.servlet.WebDriverTestExecutionListener, org.springframework.boot.test.autoconfigure.webservices.client.MockWebServiceServerTestExecutionListener, org.springframework.boot.test.mock.mockito.MockitoTestExecutionListener, org.springframework.boot.test.mock.mockito.ResetMocksTestExecutionListener, org.springframework.test.context.web.ServletTestExecutionListener, org.springframework.test.context.support.DirtiesContextBeforeModesTestExecutionListener, org.springframework.test.context.event.ApplicationEventsTestExecutionListener, org.springframework.test.context.support.DependencyInjectionTestExecutionListener, org.springframework.test.context.support.DirtiesContextTestExecutionListener, org.springframework.test.context.transaction.TransactionalTestExecutionListener, org.springframework.test.context.jdbc.SqlScriptsTestExecutionListener, org.springframework.test.context.event.EventPublishingTestExecutionListener]
13:34:23.352 [Test worker] INFO org.springframework.boot.test.context.SpringBootTestContextBootstrapper - Using TestExecutionListeners: [org.springframework.test.context.web.ServletTestExecutionListener@34645867, org.springframework.test.context.support.DirtiesContextBeforeModesTestExecutionListener@2484f433, org.springframework.test.context.event.ApplicationEventsTestExecutionListener@60b71e8f, org.springframework.boot.test.mock.mockito.MockitoTestExecutionListener@1255b1d1, org.springframework.boot.test.autoconfigure.SpringBootDependencyInjectionTestExecutionListener@464649c, org.springframework.test.context.support.DirtiesContextTestExecutionListener@7c22d4f, org.springframework.test.context.transaction.TransactionalTestExecutionListener@5f59185e, org.springframework.test.context.jdbc.SqlScriptsTestExecutionListener@60bdf15d, org.springframework.security.test.context.support.WithSecurityContextTestExecutionListener@47da3952, org.springframework.test.context.event.EventPublishingTestExecutionListener@51e4ccb3, org.springframework.security.test.context.support.ReactorContextTestExecutionListener@46e8a539, org.springframework.boot.test.autoconfigure.restdocs.RestDocsTestExecutionListener@495083a0, org.springframework.boot.test.autoconfigure.web.client.MockRestServiceServerResetTestExecutionListener@5fd62371, org.springframework.boot.test.autoconfigure.web.servlet.MockMvcPrintOnlyOnFailureTestExecutionListener@28a0fd6c, org.springframework.boot.test.autoconfigure.web.servlet.WebDriverTestExecutionListener@2b62442c, org.springframework.boot.test.autoconfigure.webservices.client.MockWebServiceServerTestExecutionListener@66629f63, org.springframework.boot.test.mock.mockito.ResetMocksTestExecutionListener@841e575]
13:34:23.375 [Test worker] DEBUG org.springframework.test.context.support.AbstractDirtiesContextTestExecutionListener - Before test class: context [DefaultTestContext@5fb97279 testClass = ZhongqiuApplicationTests, testInstance = [null], testMethod = [null], testException = [null], mergedContextConfiguration = [WebMergedContextConfiguration@439a8f59 testClass = ZhongqiuApplicationTests, locations = '{}', classes = '{class com.example.zhongqiu.ZhongqiuApplication}', contextInitializerClasses = '[]', activeProfiles = '{}', propertySourceLocations = '{}', propertySourceProperties = '{org.springframework.boot.test.context.SpringBootTestContextBootstrapper=true}', contextCustomizers = set[org.springframework.boot.test.autoconfigure.actuate.metrics.MetricsExportContextCustomizerFactory$DisableMetricExportContextCustomizer@421bba99, org.springframework.boot.test.autoconfigure.properties.PropertyMappingContextCustomizer@0, org.springframework.boot.test.autoconfigure.web.servlet.WebDriverContextCustomizerFactory$Customizer@2250b9f2, org.springframework.boot.test.context.filter.ExcludeFilterContextCustomizer@142269f2, org.springframework.boot.test.json.DuplicateJsonObjectContextCustomizerFactory$DuplicateJsonObjectContextCustomizer@6aa3a905, org.springframework.boot.test.mock.mockito.MockitoContextCustomizer@0, org.springframework.boot.test.web.client.TestRestTemplateContextCustomizer@12ed9db6, org.springframework.boot.test.context.SpringBootTestArgs@1, org.springframework.boot.test.context.SpringBootTestWebEnvironment@24fcf36f], resourceBasePath = 'src/main/webapp', contextLoader = 'org.springframework.boot.test.context.SpringBootContextLoader', parent = [null]], attributes = map['org.springframework.test.context.web.ServletTestExecutionListener.activateListener' -&gt; true]], class annotated with @DirtiesContext [false] with mode [null].

  .   ____          _            __ _ _
 /\\ / ___'_ __ _ _(_)_ __  __ _ \ \ \ \
( ( )\___ | '_ | '_| | '_ \/ _` | \ \ \ \
 \\/  ___)| |_)| | | | | || (_| |  ) ) ) )
  '  |____| .__|_| |_|_| |_\__, | / / / /
 =========|_|==============|___/=/_/_/_/
 :: Spring Boot ::                (v2.7.3)

2022-09-19 13:34:24.549  INFO 1591 --- [    Test worker] c.e.zhongqiu.ZhongqiuApplicationTests    : Starting ZhongqiuApplicationTests using Java 17.0.4 on Stevens-MacBook-Pro.local with PID 1591 (started by stevendong in /Users/stevendong/Desktop/tutorial-17/9.17/zhongqiu copy)
2022-09-19 13:34:24.557  INFO 1591 --- [    Test worker] c.e.zhongqiu.ZhongqiuApplicationTests    : No active profile set, falling back to 1 default profile: &quot;default&quot;
2022-09-19 13:34:28.666  INFO 1591 --- [    Test worker] .s.d.r.c.RepositoryConfigurationDelegate : Bootstrapping Spring Data JPA repositories in DEFAULT mode.
2022-09-19 13:34:28.859  INFO 1591 --- [    Test worker] .s.d.r.c.RepositoryConfigurationDelegate : Finished Spring Data repository scanning in 169 ms. Found 2 JPA repository interfaces.
2022-09-19 13:34:30.806  INFO 1591 --- [    Test worker] o.f.c.internal.license.VersionPrinter    : Flyway Community Edition 8.5.13 by Redgate
2022-09-19 13:34:30.808  INFO 1591 --- [    Test worker] o.f.c.internal.license.VersionPrinter    : See what's new here: https://flywaydb.org/documentation/learnmore/releaseNotes#8.5.13
2022-09-19 13:34:30.812  INFO 1591 --- [    Test worker] o.f.c.internal.license.VersionPrinter    : 
2022-09-19 13:34:30.842  INFO 1591 --- [    Test worker] com.zaxxer.hikari.HikariDataSource       : HikariPool-1 - Starting...
2022-09-19 13:34:31.177  INFO 1591 --- [    Test worker] com.zaxxer.hikari.HikariDataSource       : HikariPool-1 - Start completed.
2022-09-19 13:34:31.227  INFO 1591 --- [    Test worker] o.f.c.i.database.base.BaseDatabaseType   : Database: jdbc:postgresql://localhost:5477/postgres (PostgreSQL 13.0)
2022-09-19 13:34:31.336  INFO 1591 --- [    Test worker] o.f.core.internal.command.DbValidate     : Successfully validated 2 migrations (execution time 00:00.067s)
2022-09-19 13:34:31.362  INFO 1591 --- [    Test worker] o.f.core.internal.command.DbMigrate      : Current version of schema &quot;public&quot;: 2
2022-09-19 13:34:31.367  INFO 1591 --- [    Test worker] o.f.core.internal.command.DbMigrate      : Schema &quot;public&quot; is up to date. No migration necessary.
2022-09-19 13:34:31.898  INFO 1591 --- [    Test worker] o.hibernate.jpa.internal.util.LogHelper  : HHH000204: Processing PersistenceUnitInfo [name: default]
2022-09-19 13:34:31.997  INFO 1591 --- [    Test worker] org.hibernate.Version                    : HHH000412: Hibernate ORM core version 5.6.10.Final
2022-09-19 13:34:32.391  INFO 1591 --- [    Test worker] o.hibernate.annotations.common.Version   : HCANN000001: Hibernate Commons Annotations {5.1.2.Final}
2022-09-19 13:34:32.675  INFO 1591 --- [    Test worker] org.hibernate.dialect.Dialect            : HHH000400: Using dialect: org.hibernate.dialect.PostgreSQL95Dialect
2022-09-19 13:34:34.162  INFO 1591 --- [    Test worker] o.h.e.t.j.p.i.JtaPlatformInitiator       : HHH000490: Using JtaPlatform implementation: [org.hibernate.engine.transaction.jta.platform.internal.NoJtaPlatform]
2022-09-19 13:34:34.180  INFO 1591 --- [    Test worker] j.LocalContainerEntityManagerFactoryBean : Initialized JPA EntityManagerFactory for persistence unit 'default'
2022-09-19 13:34:35.298  WARN 1591 --- [    Test worker] .s.s.UserDetailsServiceAutoConfiguration : 

Using generated security password: a8d19dfe-a798-4cea-8773-7be65698296d

This generated password is for development use only. Your security configuration must be updated before running your application in production.

2022-09-19 13:34:35.656  INFO 1591 --- [    Test worker] o.s.s.web.DefaultSecurityFilterChain     : Will secure any request with [org.springframework.security.web.session.DisableEncodeUrlFilter@727e61ed, org.springframework.security.web.context.request.async.WebAsyncManagerIntegrationFilter@3df681cc, org.springframework.security.web.context.SecurityContextPersistenceFilter@4fea23d6, org.springframework.security.web.header.HeaderWriterFilter@5274acd1, org.springframework.security.web.authentication.logout.LogoutFilter@1f602930, org.springframework.security.web.savedrequest.RequestCacheAwareFilter@164db8f0, org.springframework.security.web.servletapi.SecurityContextHolderAwareRequestFilter@8a7cd7c, org.springframework.security.web.authentication.AnonymousAuthenticationFilter@3ba815ee, org.springframework.security.web.session.SessionManagementFilter@12925d2, org.springframework.security.web.access.ExceptionTranslationFilter@62f73b0c, org.springframework.security.web.access.intercept.FilterSecurityInterceptor@3bc33ad9]
2022-09-19 13:34:38.078  INFO 1591 --- [    Test worker] o.s.b.a.e.web.EndpointLinksResolver      : Exposing 1 endpoint(s) beneath base path '/actuator'
2022-09-19 13:34:38.198  INFO 1591 --- [    Test worker] c.e.zhongqiu.ZhongqiuApplicationTests    : Started ZhongqiuApplicationTests in 14.632 seconds (JVM running for 18.176)
</pre>
</span>
</div>
<div id="tab2" class="tab">
<h2>Standard error</h2>
<span class="code">
<pre>[2022.09.19 13:34:23] (Coverage): Error during class instrumentation: org.springframework.boot.logging.log4j2.Log4J2LoggingSystem: java.lang.RuntimeException: java.io.IOException: Class org/apache/logging/log4j/core/config/composite/CompositeConfiguration not found
[2022.09.19 13:34:25] (Coverage): Error during class instrumentation: org.springframework.security.config.annotation.authentication.configurers.ldap.LdapAuthenticationProviderConfigurer: java.lang.RuntimeException: java.io.IOException: Class org/springframework/security/ldap/authentication/PasswordComparisonAuthenticator not found
[2022.09.19 13:34:35] (Coverage): Error during class instrumentation: org.springframework.security.config.annotation.web.configurers.oauth2.client.OAuth2LoginConfigurer: java.lang.RuntimeException: java.io.IOException: Class org/springframework/security/oauth2/client/endpoint/DefaultAuthorizationCodeTokenResponseClient not found
</pre>
</span>
</div>
</div>
<div id="footer">
<p>
<div>
<label class="hidden" id="label-for-line-wrapping-toggle" for="line-wrapping-toggle">Wrap lines
<input id="line-wrapping-toggle" type="checkbox" autocomplete="off"/>
</label>
</div>Generated by 
<a href="http://www.gradle.org">Gradle 7.5</a> at 19 Sept 2022, 1:34:43 pm</p>
</div>
</div>
</body>
</html>
